<?xml version="1.0" encoding="UTF-8"?>
<!-- Generated by org.testng.reporters.JUnitReportReporter -->
<testsuite skipped="0" hostname="SH300043S1L" name="restassured.APIRequest" tests="2" failures="0" timestamp="31 Dec 2018 01:25:39 GMT" time="9.121" errors="0">
  <testcase name="testResponse" time="5.262" classname="restassured.APIRequest"/>
  <testcase name="testBody" time="3.859" classname="restassured.APIRequest"/>
</testsuite> <!-- restassured.APIRequest -->
