<?xml version="1.0" encoding="UTF-8"?>
<!-- Generated by org.testng.reporters.JUnitReportReporter -->
<testsuite skipped="0" hostname="SH300043S1L" name="com.sample.WebandAPITesting.Tests.SignUpTest" tests="8" failures="0" timestamp="31 Dec 2018 06:10:21 GMT" time="19.622" errors="0">
  <testcase name="createAccountWithoutEmail" time="8.330" classname="com.sample.WebandAPITesting.Tests.SignUpTest"/>
  <testcase name="createAccountWithoutReTypeEmail" time="1.404" classname="com.sample.WebandAPITesting.Tests.SignUpTest"/>
  <testcase name="createAccountWithoutPassword" time="1.494" classname="com.sample.WebandAPITesting.Tests.SignUpTest"/>
  <testcase name="createAccountWithoutdata" time="0.809" classname="com.sample.WebandAPITesting.Tests.SignUpTest"/>
  <testcase name="createAccountWithPwdLessthan8chars" time="1.545" classname="com.sample.WebandAPITesting.Tests.SignUpTest"/>
  <testcase name="createAccountWithinvalidEmail" time="2.281" classname="com.sample.WebandAPITesting.Tests.SignUpTest"/>
  <testcase name="createAccountWithMismatchReTypeEmail" time="1.508" classname="com.sample.WebandAPITesting.Tests.SignUpTest"/>
  <testcase name="createAccountWithValidData" time="2.251" classname="com.sample.WebandAPITesting.Tests.SignUpTest"/>
</testsuite> <!-- com.sample.WebandAPITesting.Tests.SignUpTest -->
