<?xml version="1.0" encoding="UTF-8"?>
<!-- Generated by org.testng.reporters.JUnitReportReporter -->
<testsuite skipped="0" hostname="SH300043S1L" name="restassured.APIRequest" tests="2" failures="0" timestamp="01 Jan 2019 04:23:44 GMT" time="7.149" errors="0">
  <testcase name="testResponse" time="5.227" classname="restassured.APIRequest"/>
  <testcase name="testBody" time="1.922" classname="restassured.APIRequest"/>
</testsuite> <!-- restassured.APIRequest -->
