<?xml version="1.0" encoding="UTF-8"?>
<!-- Generated by org.testng.reporters.JUnitReportReporter -->
<testsuite skipped="0" hostname="SH300043S1L" name="com.restapi.Tests.ValidateRestAPI" tests="3" failures="0" timestamp="01 Jan 2019 15:08:56 GMT" time="7.950" errors="0">
  <testcase name="validateResponseCode" time="4.063" classname="com.restapi.Tests.ValidateRestAPI"/>
  <testcase name="validateResponseBodyFields" time="1.774" classname="com.restapi.Tests.ValidateRestAPI"/>
  <testcase name="validatePublicField" time="2.113" classname="com.restapi.Tests.ValidateRestAPI"/>
</testsuite> <!-- com.restapi.Tests.ValidateRestAPI -->
